<?xml version="1.0" encoding="UTF-8"?>
<testng-results ignored="0" total="1" passed="1" failed="0" skipped="0">
  <reporter-output>
  </reporter-output>
  <suite started-at="2024-11-18T15:37:58 GMT" name="Default suite" finished-at="2024-11-18T15:39:27 GMT" duration-ms="89266">
    <groups>
      <group name="cucumber">
        <method signature="AbstractTestNGCucumberTests.runScenario(io.cucumber.testng.PickleWrapper,io.cucumber.testng.FeatureWrapper)[pri:0, instance:testRunner.TestRunner@35c12c7a]" name="runScenario" class="io.cucumber.testng.AbstractTestNGCucumberTests"/>
      </group> <!-- cucumber -->
    </groups>
    <test started-at="2024-11-18T15:37:58 GMT" name="Default test" finished-at="2024-11-18T15:39:27 GMT" duration-ms="89266">
      <class name="testRunner.TestRunner">
        <test-method is-config="true" signature="setUpClass(org.testng.ITestContext)[pri:0, instance:testRunner.TestRunner@35c12c7a]" started-at="2024-11-18T15:37:58 GMT" name="setUpClass" finished-at="2024-11-18T15:38:00 GMT" duration-ms="1372" status="PASS">
          <params>
            <param index="0">
              <value>
                <![CDATA[org.testng.TestRunner@4fe8e318]]>
              </value>
            </param>
          </params>
          <reporter-output>
          </reporter-output>
        </test-method> <!-- setUpClass -->
        <test-method signature="runScenario(io.cucumber.testng.PickleWrapper,io.cucumber.testng.FeatureWrapper)[pri:0, instance:testRunner.TestRunner@35c12c7a]" started-at="2024-11-18T15:38:00 GMT" name="runScenario" description="Runs Cucumber Scenarios" data-provider="scenarios" finished-at="2024-11-18T15:39:27 GMT" duration-ms="87684" status="PASS">
          <params>
            <param index="0">
              <value>
                <![CDATA["Verify the duplicate hyperlinks in footers of derived product two"]]>
              </value>
            </param>
            <param index="1">
              <value>
                <![CDATA["User View product, Purchase Product"]]>
              </value>
            </param>
          </params>
          <reporter-output>
          </reporter-output>
        </test-method> <!-- runScenario -->
        <test-method is-config="true" signature="tearDownClass()[pri:0, instance:testRunner.TestRunner@35c12c7a]" started-at="2024-11-18T15:39:27 GMT" name="tearDownClass" finished-at="2024-11-18T15:39:27 GMT" duration-ms="109" status="PASS">
          <reporter-output>
          </reporter-output>
        </test-method> <!-- tearDownClass -->
      </class> <!-- testRunner.TestRunner -->
    </test> <!-- Default test -->
  </suite> <!-- Default suite -->
</testng-results>
